PLINK v1.90b4.9 64-bit (13 Oct 2017)

Options in effect:

 --allow-extra-chr

 --allow-no-sex

 --dog

 --double-id

 --freq case-control

 --keep-autoconv

 --out eriks_cc_freq

 --pheno pheno_fcr_vs_all.txt

 --vcf erik-merge_renamed.vcf.gz



Hostname: rackham1.uppmax.uu.se

Working directory: /crex/proj/uppstore2017228/KLT.05.GRUS/sophieflatr/newrun/onlyvcf/eriks

Start time: Sun Feb 2 07:33:38 2020



Random number seed: 1580625218

257386 MB RAM detected; reserving 128693 MB for main workspace.

Allocated 96519 MB successfully, after larger attempt(s) failed.

--vcf: eriks_cc_freq.bed + eriks_cc_freq.bim + eriks_cc_freq.fam written.

18441070 variants loaded from .bim file.

182 dogs (0 males, 0 females, 182 ambiguous) loaded from .fam.

Ambiguous sex IDs written to eriks_cc_freq.nosex .

182 phenotype values present after --pheno.

Using 1 thread (no multithreaded calculations invoked).

Before main variant filters, 182 founders and 0 nonfounders present.

Calculating allele frequencies... done.

Total genotyping rate is 0.849396.

--freq case-control: Phenotype-stratified allele frequencies (founders only)

written to eriks_cc_freq.frq.cc .



End time: Sun Feb 2 07:52:09 2020